Arguments: 
  /data/data/com.termux/files/usr/bin/node /data/data/com.termux/files/usr/share/yarn/bin/yarn.js info

PATH: 
  /data/data/com.termux/files/usr/bin

Yarn version: 
  1.22.19

Node version: 
  18.7.0

Platform: 
  android arm64

Trace: 
  TypeError: Cannot read properties of null (reading '1')
      at parsePackageName (/data/data/com.termux/files/usr/share/yarn/lib/cli.js:97199:29)
      at Object.<anonymous> (/data/data/com.termux/files/usr/share/yarn/lib/cli.js:84761:90)
      at Generator.next (<anonymous>)
      at step (/data/data/com.termux/files/usr/share/yarn/lib/cli.js:310:30)
      at /data/data/com.termux/files/usr/share/yarn/lib/cli.js:321:13

npm manifest: 
  {
    "dependencies": {
      "economy-mongoose": "^1.2.5",
      "parse-ms-js": "^1.2.0"
    }
  }

yarn manifest: 
  No manifest

Lockfile: 
  No lockfile
